<?xml version="1.0" encoding="UTF-8"?>
<testng-results skipped="0" failed="0" ignored="0" total="1" passed="1">
  <reporter-output>
  </reporter-output>
  <suite name="Default suite" duration-ms="17241" started-at="2019-12-01T07:38:15Z" finished-at="2019-12-01T07:38:32Z">
    <groups>
    </groups>
    <test name="Default test" duration-ms="17241" started-at="2019-12-01T07:38:15Z" finished-at="2019-12-01T07:38:32Z">
      <class name="Page_Test.Welcome_page_test">
        <test-method status="PASS" signature="welcomepage_open()[pri:0, instance:Page_Test.Welcome_page_test@475530b9]" name="welcomepage_open" duration-ms="17188" started-at="2019-12-01T07:38:15Z" finished-at="2019-12-01T07:38:32Z">
          <reporter-output>
          </reporter-output>
        </test-method> <!-- welcomepage_open -->
      </class> <!-- Page_Test.Welcome_page_test -->
    </test> <!-- Default test -->
  </suite> <!-- Default suite -->
</testng-results>
